[1.257s] Invoking command in '/root/adr-class/midterm': PYTHONPATH=/root/adr-class/install/midterm/lib/python3.8/site-packages:${PYTHONPATH} /usr/bin/python3 setup.py egg_info --egg-base ../build/midterm build --build-base /root/adr-class/build/midterm/build install --prefix /root/adr-class/install/midterm --record /root/adr-class/build/midterm/install.log --single-version-externally-managed
[2.449s] running egg_info
[2.452s] creating ../build/midterm/midterm.egg-info
[2.453s] writing ../build/midterm/midterm.egg-info/PKG-INFO
[2.455s] writing dependency_links to ../build/midterm/midterm.egg-info/dependency_links.txt
[2.457s] writing entry points to ../build/midterm/midterm.egg-info/entry_points.txt
[2.458s] writing requirements to ../build/midterm/midterm.egg-info/requires.txt
[2.466s] writing top-level names to ../build/midterm/midterm.egg-info/top_level.txt
[2.466s] writing manifest file '../build/midterm/midterm.egg-info/SOURCES.txt'
[2.759s] reading manifest file '../build/midterm/midterm.egg-info/SOURCES.txt'
[2.761s] writing manifest file '../build/midterm/midterm.egg-info/SOURCES.txt'
[2.762s] running build
[2.762s] running build_py
[2.763s] creating /root/adr-class/build/midterm/build
[2.763s] creating /root/adr-class/build/midterm/build/lib
[2.764s] creating /root/adr-class/build/midterm/build/lib/midterm
[2.764s] copying midterm/__init__.py -> /root/adr-class/build/midterm/build/lib/midterm
[2.764s] copying midterm/midtermnode.py -> /root/adr-class/build/midterm/build/lib/midterm
[2.764s] running install
[2.768s] running install_lib
[2.772s] creating /root/adr-class/install/midterm/lib/python3.8/site-packages/midterm
[2.772s] copying /root/adr-class/build/midterm/build/lib/midterm/__init__.py -> /root/adr-class/install/midterm/lib/python3.8/site-packages/midterm
[2.772s] copying /root/adr-class/build/midterm/build/lib/midterm/midtermnode.py -> /root/adr-class/install/midterm/lib/python3.8/site-packages/midterm
[2.778s] byte-compiling /root/adr-class/install/midterm/lib/python3.8/site-packages/midterm/__init__.py to __init__.cpython-38.pyc
[2.779s] byte-compiling /root/adr-class/install/midterm/lib/python3.8/site-packages/midterm/midtermnode.py to midtermnode.cpython-38.pyc
[2.780s] running install_data
[2.782s] creating /root/adr-class/install/midterm/share/ament_index
[2.783s] creating /root/adr-class/install/midterm/share/ament_index/resource_index
[2.783s] creating /root/adr-class/install/midterm/share/ament_index/resource_index/packages
[2.784s] copying resource/midterm -> /root/adr-class/install/midterm/share/ament_index/resource_index/packages
[2.784s] copying package.xml -> /root/adr-class/install/midterm/share/midterm
[2.785s] running install_egg_info
[2.790s] Copying ../build/midterm/midterm.egg-info to /root/adr-class/install/midterm/lib/python3.8/site-packages/midterm-0.0.0-py3.8.egg-info
[2.799s] running install_scripts
[2.867s] Installing midterm script to /root/adr-class/install/midterm/lib/midterm
[2.868s] writing list of installed files to '/root/adr-class/build/midterm/install.log'
[2.967s] Invoked command in '/root/adr-class/midterm' returned '0': PYTHONPATH=/root/adr-class/install/midterm/lib/python3.8/site-packages:${PYTHONPATH} /usr/bin/python3 setup.py egg_info --egg-base ../build/midterm build --build-base /root/adr-class/build/midterm/build install --prefix /root/adr-class/install/midterm --record /root/adr-class/build/midterm/install.log --single-version-externally-managed
