[1.387s] Invoking command in '/root/adr-class/midterm': PYTHONPATH=/root/adr-class/install/midterm/lib/python3.8/site-packages:${PYTHONPATH} /usr/bin/python3 setup.py egg_info --egg-base ../build/midterm build --build-base /root/adr-class/build/midterm/build install --prefix /root/adr-class/install/midterm --record /root/adr-class/build/midterm/install.log --single-version-externally-managed
[2.810s] running egg_info
[2.817s] writing ../build/midterm/midterm.egg-info/PKG-INFO
[2.817s] writing dependency_links to ../build/midterm/midterm.egg-info/dependency_links.txt
[2.818s] writing entry points to ../build/midterm/midterm.egg-info/entry_points.txt
[2.818s] writing requirements to ../build/midterm/midterm.egg-info/requires.txt
[2.818s] writing top-level names to ../build/midterm/midterm.egg-info/top_level.txt
[2.952s] reading manifest file '../build/midterm/midterm.egg-info/SOURCES.txt'
[2.956s] writing manifest file '../build/midterm/midterm.egg-info/SOURCES.txt'
[2.957s] running build
[2.959s] running build_py
[2.960s] copying midterm/midtermnode.py -> /root/adr-class/build/midterm/build/lib/midterm
[2.962s] running install
[2.965s] running install_lib
[2.970s] copying /root/adr-class/build/midterm/build/lib/midterm/midtermnode.py -> /root/adr-class/install/midterm/lib/python3.8/site-packages/midterm
[2.973s] byte-compiling /root/adr-class/install/midterm/lib/python3.8/site-packages/midterm/midtermnode.py to midtermnode.cpython-38.pyc
[2.981s] running install_data
[2.983s] running install_egg_info
[2.990s] removing '/root/adr-class/install/midterm/lib/python3.8/site-packages/midterm-0.0.0-py3.8.egg-info' (and everything under it)
[2.992s] Copying ../build/midterm/midterm.egg-info to /root/adr-class/install/midterm/lib/python3.8/site-packages/midterm-0.0.0-py3.8.egg-info
[2.996s] running install_scripts
[3.068s] Installing midterm script to /root/adr-class/install/midterm/lib/midterm
[3.071s] writing list of installed files to '/root/adr-class/build/midterm/install.log'
[3.206s] Invoked command in '/root/adr-class/midterm' returned '0': PYTHONPATH=/root/adr-class/install/midterm/lib/python3.8/site-packages:${PYTHONPATH} /usr/bin/python3 setup.py egg_info --egg-base ../build/midterm build --build-base /root/adr-class/build/midterm/build install --prefix /root/adr-class/install/midterm --record /root/adr-class/build/midterm/install.log --single-version-externally-managed
