[1.196s] Invoking command in '/root/adr-class/midterm': PYTHONPATH=/root/adr-class/install/midterm/lib/python3.8/site-packages:${PYTHONPATH} /usr/bin/python3 setup.py egg_info --egg-base ../build/midterm build --build-base /root/adr-class/build/midterm/build install --prefix /root/adr-class/install/midterm --record /root/adr-class/build/midterm/install.log --single-version-externally-managed
[2.253s] running egg_info
[2.256s] writing ../build/midterm/midterm.egg-info/PKG-INFO
[2.258s] writing dependency_links to ../build/midterm/midterm.egg-info/dependency_links.txt
[2.259s] writing entry points to ../build/midterm/midterm.egg-info/entry_points.txt
[2.260s] writing requirements to ../build/midterm/midterm.egg-info/requires.txt
[2.262s] writing top-level names to ../build/midterm/midterm.egg-info/top_level.txt
[2.408s] reading manifest file '../build/midterm/midterm.egg-info/SOURCES.txt'
[2.411s] writing manifest file '../build/midterm/midterm.egg-info/SOURCES.txt'
[2.411s] running build
[2.412s] running build_py
[2.414s] copying midterm/midtermnode.py -> /root/adr-class/build/midterm/build/lib/midterm
[2.415s] running install
[2.417s] running install_lib
[2.422s] copying /root/adr-class/build/midterm/build/lib/midterm/midtermnode.py -> /root/adr-class/install/midterm/lib/python3.8/site-packages/midterm
[2.424s] byte-compiling /root/adr-class/install/midterm/lib/python3.8/site-packages/midterm/midtermnode.py to midtermnode.cpython-38.pyc
[2.431s] running install_data
[2.433s] running install_egg_info
[2.442s] removing '/root/adr-class/install/midterm/lib/python3.8/site-packages/midterm-0.0.0-py3.8.egg-info' (and everything under it)
[2.442s] Copying ../build/midterm/midterm.egg-info to /root/adr-class/install/midterm/lib/python3.8/site-packages/midterm-0.0.0-py3.8.egg-info
[2.445s] running install_scripts
[2.522s] Installing midterm script to /root/adr-class/install/midterm/lib/midterm
[2.524s] writing list of installed files to '/root/adr-class/build/midterm/install.log'
[2.617s] Invoked command in '/root/adr-class/midterm' returned '0': PYTHONPATH=/root/adr-class/install/midterm/lib/python3.8/site-packages:${PYTHONPATH} /usr/bin/python3 setup.py egg_info --egg-base ../build/midterm build --build-base /root/adr-class/build/midterm/build install --prefix /root/adr-class/install/midterm --record /root/adr-class/build/midterm/install.log --single-version-externally-managed
