[1.056s] Invoking command in '/root/adr-class/midterm': PYTHONPATH=/root/adr-class/install/midterm/lib/python3.8/site-packages:${PYTHONPATH} /usr/bin/python3 setup.py egg_info --egg-base ../build/midterm build --build-base /root/adr-class/build/midterm/build install --prefix /root/adr-class/install/midterm --record /root/adr-class/build/midterm/install.log --single-version-externally-managed
[2.059s] running egg_info
[2.061s] writing ../build/midterm/midterm.egg-info/PKG-INFO
[2.062s] writing dependency_links to ../build/midterm/midterm.egg-info/dependency_links.txt
[2.062s] writing entry points to ../build/midterm/midterm.egg-info/entry_points.txt
[2.063s] writing requirements to ../build/midterm/midterm.egg-info/requires.txt
[2.068s] writing top-level names to ../build/midterm/midterm.egg-info/top_level.txt
[2.191s] reading manifest file '../build/midterm/midterm.egg-info/SOURCES.txt'
[2.194s] writing manifest file '../build/midterm/midterm.egg-info/SOURCES.txt'
[2.195s] running build
[2.195s] running build_py
[2.195s] copying midterm/midtermnode.py -> /root/adr-class/build/midterm/build/lib/midterm
[2.196s] running install
[2.199s] running install_lib
[2.202s] copying /root/adr-class/build/midterm/build/lib/midterm/midtermnode.py -> /root/adr-class/install/midterm/lib/python3.8/site-packages/midterm
[2.204s] byte-compiling /root/adr-class/install/midterm/lib/python3.8/site-packages/midterm/midtermnode.py to midtermnode.cpython-38.pyc
[2.210s] running install_data
[2.212s] running install_egg_info
[2.217s] removing '/root/adr-class/install/midterm/lib/python3.8/site-packages/midterm-0.0.0-py3.8.egg-info' (and everything under it)
[2.218s] Copying ../build/midterm/midterm.egg-info to /root/adr-class/install/midterm/lib/python3.8/site-packages/midterm-0.0.0-py3.8.egg-info
[2.221s] running install_scripts
[2.284s] Installing midterm script to /root/adr-class/install/midterm/lib/midterm
[2.285s] writing list of installed files to '/root/adr-class/build/midterm/install.log'
[2.376s] Invoked command in '/root/adr-class/midterm' returned '0': PYTHONPATH=/root/adr-class/install/midterm/lib/python3.8/site-packages:${PYTHONPATH} /usr/bin/python3 setup.py egg_info --egg-base ../build/midterm build --build-base /root/adr-class/build/midterm/build install --prefix /root/adr-class/install/midterm --record /root/adr-class/build/midterm/install.log --single-version-externally-managed
