[1.548s] Invoking command in '/root/adr-class/midterm': PYTHONPATH=/root/adr-class/install/midterm/lib/python3.8/site-packages:${PYTHONPATH} /usr/bin/python3 setup.py egg_info --egg-base ../build/midterm build --build-base /root/adr-class/build/midterm/build install --prefix /root/adr-class/install/midterm --record /root/adr-class/build/midterm/install.log --single-version-externally-managed
[2.944s] running egg_info
[2.948s] writing ../build/midterm/midterm.egg-info/PKG-INFO
[2.950s] writing dependency_links to ../build/midterm/midterm.egg-info/dependency_links.txt
[2.951s] writing entry points to ../build/midterm/midterm.egg-info/entry_points.txt
[2.953s] writing requirements to ../build/midterm/midterm.egg-info/requires.txt
[2.954s] writing top-level names to ../build/midterm/midterm.egg-info/top_level.txt
[3.384s] reading manifest file '../build/midterm/midterm.egg-info/SOURCES.txt'
[3.397s] writing manifest file '../build/midterm/midterm.egg-info/SOURCES.txt'
[3.398s] running build
[3.398s] running build_py
[3.400s] copying midterm/midtermnode.py -> /root/adr-class/build/midterm/build/lib/midterm
[3.402s] running install
[3.413s] running install_lib
[3.421s] copying /root/adr-class/build/midterm/build/lib/midterm/midtermnode.py -> /root/adr-class/install/midterm/lib/python3.8/site-packages/midterm
[3.429s] byte-compiling /root/adr-class/install/midterm/lib/python3.8/site-packages/midterm/midtermnode.py to midtermnode.cpython-38.pyc
[3.434s] running install_data
[3.445s] running install_egg_info
[3.462s] removing '/root/adr-class/install/midterm/lib/python3.8/site-packages/midterm-0.0.0-py3.8.egg-info' (and everything under it)
[3.464s] Copying ../build/midterm/midterm.egg-info to /root/adr-class/install/midterm/lib/python3.8/site-packages/midterm-0.0.0-py3.8.egg-info
[3.468s] running install_scripts
[3.767s] Installing midterm script to /root/adr-class/install/midterm/lib/midterm
[3.768s] writing list of installed files to '/root/adr-class/build/midterm/install.log'
[3.948s] Invoked command in '/root/adr-class/midterm' returned '0': PYTHONPATH=/root/adr-class/install/midterm/lib/python3.8/site-packages:${PYTHONPATH} /usr/bin/python3 setup.py egg_info --egg-base ../build/midterm build --build-base /root/adr-class/build/midterm/build install --prefix /root/adr-class/install/midterm --record /root/adr-class/build/midterm/install.log --single-version-externally-managed
