[1.095s] Invoking command in '/root/adr-class/midterm': PYTHONPATH=/root/adr-class/install/midterm/lib/python3.8/site-packages:${PYTHONPATH} /usr/bin/python3 setup.py egg_info --egg-base ../build/midterm build --build-base /root/adr-class/build/midterm/build install --prefix /root/adr-class/install/midterm --record /root/adr-class/build/midterm/install.log --single-version-externally-managed
[2.078s] running egg_info
[2.078s] writing ../build/midterm/midterm.egg-info/PKG-INFO
[2.079s] writing dependency_links to ../build/midterm/midterm.egg-info/dependency_links.txt
[2.079s] writing entry points to ../build/midterm/midterm.egg-info/entry_points.txt
[2.079s] writing requirements to ../build/midterm/midterm.egg-info/requires.txt
[2.079s] writing top-level names to ../build/midterm/midterm.egg-info/top_level.txt
[2.200s] reading manifest file '../build/midterm/midterm.egg-info/SOURCES.txt'
[2.203s] writing manifest file '../build/midterm/midterm.egg-info/SOURCES.txt'
[2.204s] running build
[2.204s] running build_py
[2.204s] copying midterm/midtermnode.py -> /root/adr-class/build/midterm/build/lib/midterm
[2.205s] running install
[2.208s] running install_lib
[2.212s] copying /root/adr-class/build/midterm/build/lib/midterm/midtermnode.py -> /root/adr-class/install/midterm/lib/python3.8/site-packages/midterm
[2.214s] byte-compiling /root/adr-class/install/midterm/lib/python3.8/site-packages/midterm/midtermnode.py to midtermnode.cpython-38.pyc
[2.219s] running install_data
[2.221s] running install_egg_info
[2.227s] removing '/root/adr-class/install/midterm/lib/python3.8/site-packages/midterm-0.0.0-py3.8.egg-info' (and everything under it)
[2.228s] Copying ../build/midterm/midterm.egg-info to /root/adr-class/install/midterm/lib/python3.8/site-packages/midterm-0.0.0-py3.8.egg-info
[2.231s] running install_scripts
[2.299s] Installing midterm script to /root/adr-class/install/midterm/lib/midterm
[2.300s] writing list of installed files to '/root/adr-class/build/midterm/install.log'
[2.382s] Invoked command in '/root/adr-class/midterm' returned '0': PYTHONPATH=/root/adr-class/install/midterm/lib/python3.8/site-packages:${PYTHONPATH} /usr/bin/python3 setup.py egg_info --egg-base ../build/midterm build --build-base /root/adr-class/build/midterm/build install --prefix /root/adr-class/install/midterm --record /root/adr-class/build/midterm/install.log --single-version-externally-managed
