[1.149s] Invoking command in '/root/adr-class/midterm': PYTHONPATH=/root/adr-class/install/midterm/lib/python3.8/site-packages:${PYTHONPATH} /usr/bin/python3 setup.py egg_info --egg-base ../build/midterm build --build-base /root/adr-class/build/midterm/build install --prefix /root/adr-class/install/midterm --record /root/adr-class/build/midterm/install.log --single-version-externally-managed
[2.150s] running egg_info
[2.154s] writing ../build/midterm/midterm.egg-info/PKG-INFO
[2.156s] writing dependency_links to ../build/midterm/midterm.egg-info/dependency_links.txt
[2.157s] writing entry points to ../build/midterm/midterm.egg-info/entry_points.txt
[2.159s] writing requirements to ../build/midterm/midterm.egg-info/requires.txt
[2.160s] writing top-level names to ../build/midterm/midterm.egg-info/top_level.txt
[2.299s] reading manifest file '../build/midterm/midterm.egg-info/SOURCES.txt'
[2.303s] writing manifest file '../build/midterm/midterm.egg-info/SOURCES.txt'
[2.304s] running build
[2.305s] running build_py
[2.307s] copying midterm/midtermnode.py -> /root/adr-class/build/midterm/build/lib/midterm
[2.309s] running install
[2.313s] running install_lib
[2.317s] copying /root/adr-class/build/midterm/build/lib/midterm/midtermnode.py -> /root/adr-class/install/midterm/lib/python3.8/site-packages/midterm
[2.322s] byte-compiling /root/adr-class/install/midterm/lib/python3.8/site-packages/midterm/midtermnode.py to midtermnode.cpython-38.pyc
[2.332s] running install_data
[2.334s] running install_egg_info
[2.344s] removing '/root/adr-class/install/midterm/lib/python3.8/site-packages/midterm-0.0.0-py3.8.egg-info' (and everything under it)
[2.345s] Copying ../build/midterm/midterm.egg-info to /root/adr-class/install/midterm/lib/python3.8/site-packages/midterm-0.0.0-py3.8.egg-info
[2.347s] running install_scripts
[2.418s] Installing midterm script to /root/adr-class/install/midterm/lib/midterm
[2.421s] writing list of installed files to '/root/adr-class/build/midterm/install.log'
[2.512s] Invoked command in '/root/adr-class/midterm' returned '0': PYTHONPATH=/root/adr-class/install/midterm/lib/python3.8/site-packages:${PYTHONPATH} /usr/bin/python3 setup.py egg_info --egg-base ../build/midterm build --build-base /root/adr-class/build/midterm/build install --prefix /root/adr-class/install/midterm --record /root/adr-class/build/midterm/install.log --single-version-externally-managed
