[1.059s] Invoking command in '/root/adr-class/midterm': PYTHONPATH=/root/adr-class/install/midterm/lib/python3.8/site-packages:${PYTHONPATH} /usr/bin/python3 setup.py egg_info --egg-base ../build/midterm build --build-base /root/adr-class/build/midterm/build install --prefix /root/adr-class/install/midterm --record /root/adr-class/build/midterm/install.log --single-version-externally-managed
[2.007s] running egg_info
[2.009s] writing ../build/midterm/midterm.egg-info/PKG-INFO
[2.010s] writing dependency_links to ../build/midterm/midterm.egg-info/dependency_links.txt
[2.010s] writing entry points to ../build/midterm/midterm.egg-info/entry_points.txt
[2.011s] writing requirements to ../build/midterm/midterm.egg-info/requires.txt
[2.017s] writing top-level names to ../build/midterm/midterm.egg-info/top_level.txt
[2.140s] reading manifest file '../build/midterm/midterm.egg-info/SOURCES.txt'
[2.143s] writing manifest file '../build/midterm/midterm.egg-info/SOURCES.txt'
[2.143s] running build
[2.144s] running build_py
[2.144s] copying midterm/midtermnode.py -> /root/adr-class/build/midterm/build/lib/midterm
[2.144s] running install
[2.151s] running install_lib
[2.151s] copying /root/adr-class/build/midterm/build/lib/midterm/midtermnode.py -> /root/adr-class/install/midterm/lib/python3.8/site-packages/midterm
[2.153s] byte-compiling /root/adr-class/install/midterm/lib/python3.8/site-packages/midterm/midtermnode.py to midtermnode.cpython-38.pyc
[2.159s] running install_data
[2.164s] running install_egg_info
[2.166s] removing '/root/adr-class/install/midterm/lib/python3.8/site-packages/midterm-0.0.0-py3.8.egg-info' (and everything under it)
[2.167s] Copying ../build/midterm/midterm.egg-info to /root/adr-class/install/midterm/lib/python3.8/site-packages/midterm-0.0.0-py3.8.egg-info
[2.171s] running install_scripts
[2.235s] Installing midterm script to /root/adr-class/install/midterm/lib/midterm
[2.236s] writing list of installed files to '/root/adr-class/build/midterm/install.log'
[2.326s] Invoked command in '/root/adr-class/midterm' returned '0': PYTHONPATH=/root/adr-class/install/midterm/lib/python3.8/site-packages:${PYTHONPATH} /usr/bin/python3 setup.py egg_info --egg-base ../build/midterm build --build-base /root/adr-class/build/midterm/build install --prefix /root/adr-class/install/midterm --record /root/adr-class/build/midterm/install.log --single-version-externally-managed
