[0.729s] DEBUG:colcon:Command line arguments: ['/usr/bin/colcon', 'build']
[0.729s] DEBUG:colcon:Parsed command line arguments: Namespace(ament_cmake_args=None, base_paths=['.'], build_base='build', catkin_cmake_args=None, catkin_skip_building_tests=False, cmake_args=None, cmake_clean_cache=False, cmake_clean_first=False, cmake_force_configure=False, cmake_target=None, cmake_target_skip_unavailable=False, continue_on_error=False, event_handlers=None, executor='parallel', ignore_user_meta=False, install_base='install', log_base=None, log_level=None, main=<bound method BuildVerb.main of <colcon_core.verb.build.BuildVerb object at 0x7f173b3709a0>>, merge_install=False, metas=['./colcon.meta'], packages_above=None, packages_above_and_dependencies=None, packages_above_depth=None, packages_end=None, packages_ignore=None, packages_ignore_regex=None, packages_select=None, packages_select_build_failed=False, packages_select_by_dep=None, packages_select_regex=None, packages_select_test_failures=False, packages_skip=None, packages_skip_build_finished=False, packages_skip_by_dep=None, packages_skip_regex=None, packages_skip_test_passed=False, packages_skip_up_to=None, packages_start=None, packages_up_to=None, packages_up_to_regex=None, parallel_workers=2, paths=None, symlink_install=False, test_result_base=None, verb_extension=<colcon_core.verb.build.BuildVerb object at 0x7f173b3709a0>, verb_name='build', verb_parser=<colcon_defaults.argument_parser.defaults.DefaultArgumentsDecorator object at 0x7f173b370f10>)
[0.751s] Level 1:colcon.colcon_core.package_discovery:discover_packages(colcon_meta) check parameters
[0.752s] Level 1:colcon.colcon_core.package_discovery:discover_packages(recursive) check parameters
[0.752s] Level 1:colcon.colcon_core.package_discovery:discover_packages(ignore) check parameters
[0.752s] Level 1:colcon.colcon_core.package_discovery:discover_packages(path) check parameters
[0.752s] Level 1:colcon.colcon_core.package_discovery:discover_packages(colcon_meta) discover
[0.753s] Level 1:colcon.colcon_core.package_discovery:discover_packages(recursive) discover
[0.753s] INFO:colcon.colcon_core.package_discovery:Crawling recursively for packages in '/root/adr-class'
[0.753s] Level 1:colcon.colcon_core.package_identification:_identify(.) by extensions ['ignore', 'ignore_ament_install']
[0.754s] Level 1:colcon.colcon_core.package_identification:_identify(.) by extension 'ignore'
[0.754s] Level 1:colcon.colcon_core.package_identification:_identify(.) by extension 'ignore_ament_install'
[0.754s] Level 1:colcon.colcon_core.package_identification:_identify(.) by extensions ['colcon_pkg']
[0.754s] Level 1:colcon.colcon_core.package_identification:_identify(.) by extension 'colcon_pkg'
[0.754s] Level 1:colcon.colcon_core.package_identification:_identify(.) by extensions ['colcon_meta']
[0.755s] Level 1:colcon.colcon_core.package_identification:_identify(.) by extension 'colcon_meta'
[0.755s] Level 1:colcon.colcon_core.package_identification:_identify(.) by extensions ['ros']
[0.755s] Level 1:colcon.colcon_core.package_identification:_identify(.) by extension 'ros'
[0.800s] Level 1:colcon.colcon_core.package_identification:_identify(.) by extensions ['cmake', 'python']
[0.800s] Level 1:colcon.colcon_core.package_identification:_identify(.) by extension 'cmake'
[0.800s] Level 1:colcon.colcon_core.package_identification:_identify(.) by extension 'python'
[0.800s] Level 1:colcon.colcon_core.package_identification:_identify(.) by extensions ['python_setup_py']
[0.800s] Level 1:colcon.colcon_core.package_identification:_identify(.) by extension 'python_setup_py'
[0.801s] Level 1:colcon.colcon_core.package_identification:_identify(build) by extensions ['ignore', 'ignore_ament_install']
[0.801s] Level 1:colcon.colcon_core.package_identification:_identify(build) by extension 'ignore'
[0.801s] Level 1:colcon.colcon_core.package_identification:_identify(build) ignored
[0.802s] Level 1:colcon.colcon_core.package_identification:_identify(install) by extensions ['ignore', 'ignore_ament_install']
[0.802s] Level 1:colcon.colcon_core.package_identification:_identify(install) by extension 'ignore'
[0.803s] Level 1:colcon.colcon_core.package_identification:_identify(install) ignored
[0.803s] Level 1:colcon.colcon_core.package_identification:_identify(log) by extensions ['ignore', 'ignore_ament_install']
[0.804s] Level 1:colcon.colcon_core.package_identification:_identify(log) by extension 'ignore'
[0.804s] Level 1:colcon.colcon_core.package_identification:_identify(log) ignored
[0.804s] Level 1:colcon.colcon_core.package_identification:_identify(midterm) by extensions ['ignore', 'ignore_ament_install']
[0.804s] Level 1:colcon.colcon_core.package_identification:_identify(midterm) by extension 'ignore'
[0.805s] Level 1:colcon.colcon_core.package_identification:_identify(midterm) by extension 'ignore_ament_install'
[0.805s] Level 1:colcon.colcon_core.package_identification:_identify(midterm) by extensions ['colcon_pkg']
[0.806s] Level 1:colcon.colcon_core.package_identification:_identify(midterm) by extension 'colcon_pkg'
[0.806s] Level 1:colcon.colcon_core.package_identification:_identify(midterm) by extensions ['colcon_meta']
[0.806s] Level 1:colcon.colcon_core.package_identification:_identify(midterm) by extension 'colcon_meta'
[0.806s] Level 1:colcon.colcon_core.package_identification:_identify(midterm) by extensions ['ros']
[0.806s] Level 1:colcon.colcon_core.package_identification:_identify(midterm) by extension 'ros'
[0.815s] DEBUG:colcon.colcon_core.package_identification:Package 'midterm' with type 'ros.ament_python' and name 'midterm'
[0.815s] Level 1:colcon.colcon_core.package_discovery:discover_packages(recursive) using defaults
[0.816s] Level 1:colcon.colcon_core.package_discovery:discover_packages(ignore) discover
[0.816s] Level 1:colcon.colcon_core.package_discovery:discover_packages(ignore) using defaults
[0.816s] Level 1:colcon.colcon_core.package_discovery:discover_packages(path) discover
[0.816s] Level 1:colcon.colcon_core.package_discovery:discover_packages(path) using defaults
[0.895s] Level 5:colcon.colcon_core.verb:set package 'midterm' build argument 'cmake_args' from command line to 'None'
[0.896s] Level 5:colcon.colcon_core.verb:set package 'midterm' build argument 'cmake_target' from command line to 'None'
[0.896s] Level 5:colcon.colcon_core.verb:set package 'midterm' build argument 'cmake_target_skip_unavailable' from command line to 'False'
[0.896s] Level 5:colcon.colcon_core.verb:set package 'midterm' build argument 'cmake_clean_cache' from command line to 'False'
[0.896s] Level 5:colcon.colcon_core.verb:set package 'midterm' build argument 'cmake_clean_first' from command line to 'False'
[0.896s] Level 5:colcon.colcon_core.verb:set package 'midterm' build argument 'cmake_force_configure' from command line to 'False'
[0.896s] Level 5:colcon.colcon_core.verb:set package 'midterm' build argument 'ament_cmake_args' from command line to 'None'
[0.896s] Level 5:colcon.colcon_core.verb:set package 'midterm' build argument 'catkin_cmake_args' from command line to 'None'
[0.896s] Level 5:colcon.colcon_core.verb:set package 'midterm' build argument 'catkin_skip_building_tests' from command line to 'False'
[0.897s] DEBUG:colcon.colcon_core.verb:Building package 'midterm' with the following arguments: {'ament_cmake_args': None, 'build_base': '/root/adr-class/build/midterm', 'catkin_cmake_args': None, 'catkin_skip_building_tests': False, 'cmake_args': None, 'cmake_clean_cache': False, 'cmake_clean_first': False, 'cmake_force_configure': False, 'cmake_target': None, 'cmake_target_skip_unavailable': False, 'install_base': '/root/adr-class/install/midterm', 'merge_install': False, 'path': '/root/adr-class/midterm', 'symlink_install': False, 'test_result_base': None}
[0.898s] INFO:colcon.colcon_core.executor:Executing jobs using 'parallel' executor
[0.907s] DEBUG:colcon.colcon_parallel_executor.executor.parallel:run_until_complete
[0.908s] INFO:colcon.colcon_ros.task.ament_python.build:Building ROS package in '/root/adr-class/midterm' with build type 'ament_python'
[0.909s] Level 1:colcon.colcon_core.shell:create_environment_hook('midterm', 'ament_prefix_path')
[0.925s] INFO:colcon.colcon_core.plugin_system:Skipping extension 'colcon_core.shell.bat': Not used on non-Windows systems
[0.926s] INFO:colcon.colcon_core.shell:Creating environment hook '/root/adr-class/install/midterm/share/midterm/hook/ament_prefix_path.ps1'
[0.932s] INFO:colcon.colcon_core.shell:Creating environment descriptor '/root/adr-class/install/midterm/share/midterm/hook/ament_prefix_path.dsv'
[0.934s] INFO:colcon.colcon_core.shell:Creating environment hook '/root/adr-class/install/midterm/share/midterm/hook/ament_prefix_path.sh'
[0.943s] INFO:colcon.colcon_core.shell:Skip shell extension 'powershell' for command environment: Not usable outside of PowerShell
[0.943s] DEBUG:colcon.colcon_core.shell:Skip shell extension 'dsv' for command environment
[0.975s] DEBUG:colcon.colcon_core.shell:Ignoring prefix path '/opt/ros/foxy'
[2.079s] INFO:colcon.colcon_core.task.python.build:Building Python package in '/root/adr-class/midterm'
[2.081s] INFO:colcon.colcon_core.shell:Skip shell extension 'powershell' for command environment: Not usable outside of PowerShell
[2.082s] DEBUG:colcon.colcon_core.shell:Skip shell extension 'dsv' for command environment
[2.094s] DEBUG:colcon.colcon_core.shell:Ignoring prefix path '/opt/ros/foxy'
[2.114s] DEBUG:colcon.colcon_core.event_handler.log_command:Invoking command in '/root/adr-class/midterm': PYTHONPATH=/root/adr-class/install/midterm/lib/python3.8/site-packages:${PYTHONPATH} /usr/bin/python3 setup.py egg_info --egg-base ../build/midterm build --build-base /root/adr-class/build/midterm/build install --prefix /root/adr-class/install/midterm --record /root/adr-class/build/midterm/install.log --single-version-externally-managed
[3.579s] DEBUG:colcon.colcon_core.event_handler.log_command:Invoked command in '/root/adr-class/midterm' returned '0': PYTHONPATH=/root/adr-class/install/midterm/lib/python3.8/site-packages:${PYTHONPATH} /usr/bin/python3 setup.py egg_info --egg-base ../build/midterm build --build-base /root/adr-class/build/midterm/build install --prefix /root/adr-class/install/midterm --record /root/adr-class/build/midterm/install.log --single-version-externally-managed
[3.597s] Level 1:colcon.colcon_core.environment:checking '/root/adr-class/install/midterm' for CMake module files
[3.599s] Level 1:colcon.colcon_core.environment:checking '/root/adr-class/install/midterm' for CMake config files
[3.606s] Level 1:colcon.colcon_core.environment:checking '/root/adr-class/install/midterm/lib'
[3.607s] Level 1:colcon.colcon_core.environment:checking '/root/adr-class/install/midterm/bin'
[3.607s] Level 1:colcon.colcon_core.environment:checking '/root/adr-class/install/midterm/lib/pkgconfig/midterm.pc'
[3.608s] Level 1:colcon.colcon_core.environment:checking '/root/adr-class/install/midterm/lib/python3.8/site-packages'
[3.608s] Level 1:colcon.colcon_core.shell:create_environment_hook('midterm', 'pythonpath')
[3.614s] INFO:colcon.colcon_core.shell:Creating environment hook '/root/adr-class/install/midterm/share/midterm/hook/pythonpath.ps1'
[3.616s] INFO:colcon.colcon_core.shell:Creating environment descriptor '/root/adr-class/install/midterm/share/midterm/hook/pythonpath.dsv'
[3.618s] INFO:colcon.colcon_core.shell:Creating environment hook '/root/adr-class/install/midterm/share/midterm/hook/pythonpath.sh'
[3.619s] Level 1:colcon.colcon_core.environment:create_environment_scripts_only(midterm)
[3.628s] INFO:colcon.colcon_core.shell:Creating package script '/root/adr-class/install/midterm/share/midterm/package.ps1'
[3.632s] INFO:colcon.colcon_core.shell:Creating package descriptor '/root/adr-class/install/midterm/share/midterm/package.dsv'
[3.639s] INFO:colcon.colcon_core.shell:Creating package script '/root/adr-class/install/midterm/share/midterm/package.sh'
[3.645s] INFO:colcon.colcon_core.shell:Creating package script '/root/adr-class/install/midterm/share/midterm/package.bash'
[3.648s] INFO:colcon.colcon_core.shell:Creating package script '/root/adr-class/install/midterm/share/midterm/package.zsh'
[3.655s] Level 1:colcon.colcon_core.environment:create_file_with_runtime_dependencies(/root/adr-class/install/midterm/share/colcon-core/packages/midterm)
[3.662s] DEBUG:colcon.colcon_parallel_executor.executor.parallel:closing loop
[3.663s] DEBUG:colcon.colcon_parallel_executor.executor.parallel:loop closed
[3.663s] DEBUG:colcon.colcon_parallel_executor.executor.parallel:run_until_complete finished with '0'
[3.664s] DEBUG:colcon.colcon_core.event_reactor:joining thread
[3.709s] INFO:colcon.colcon_core.plugin_system:Skipping extension 'colcon_notification.desktop_notification.terminal_notifier': Not used on non-Darwin systems
[3.710s] INFO:colcon.colcon_core.plugin_system:Skipping extension 'colcon_notification.desktop_notification.win32': Not used on non-Windows systems
[3.710s] INFO:colcon.colcon_notification.desktop_notification:Sending desktop notification using 'notify2'
[3.733s] DEBUG:colcon.colcon_notification.desktop_notification.notify2:Failed to initialize notify2: org.freedesktop.DBus.Error.ServiceUnknown: The name org.freedesktop.Notifications was not provided by any .service files
[3.734s] DEBUG:colcon.colcon_core.event_reactor:joined thread
[3.737s] INFO:colcon.colcon_core.shell:Creating prefix script '/root/adr-class/install/local_setup.ps1'
[3.740s] INFO:colcon.colcon_core.shell:Creating prefix util module '/root/adr-class/install/_local_setup_util_ps1.py'
[3.754s] INFO:colcon.colcon_core.shell:Creating prefix chain script '/root/adr-class/install/setup.ps1'
[3.770s] INFO:colcon.colcon_core.shell:Creating prefix script '/root/adr-class/install/local_setup.sh'
[3.774s] INFO:colcon.colcon_core.shell:Creating prefix util module '/root/adr-class/install/_local_setup_util_sh.py'
[3.778s] INFO:colcon.colcon_core.shell:Creating prefix chain script '/root/adr-class/install/setup.sh'
[3.791s] INFO:colcon.colcon_core.shell:Creating prefix script '/root/adr-class/install/local_setup.bash'
[3.794s] INFO:colcon.colcon_core.shell:Creating prefix chain script '/root/adr-class/install/setup.bash'
[3.806s] INFO:colcon.colcon_core.shell:Creating prefix script '/root/adr-class/install/local_setup.zsh'
[3.808s] INFO:colcon.colcon_core.shell:Creating prefix chain script '/root/adr-class/install/setup.zsh'
