[1.156s] Invoking command in '/root/adr-class/midterm': PYTHONPATH=/root/adr-class/install/midterm/lib/python3.8/site-packages:${PYTHONPATH} /usr/bin/python3 setup.py egg_info --egg-base ../build/midterm build --build-base /root/adr-class/build/midterm/build install --prefix /root/adr-class/install/midterm --record /root/adr-class/build/midterm/install.log --single-version-externally-managed
[2.168s] running egg_info
[2.171s] writing ../build/midterm/midterm.egg-info/PKG-INFO
[2.173s] writing dependency_links to ../build/midterm/midterm.egg-info/dependency_links.txt
[2.174s] writing entry points to ../build/midterm/midterm.egg-info/entry_points.txt
[2.176s] writing requirements to ../build/midterm/midterm.egg-info/requires.txt
[2.177s] writing top-level names to ../build/midterm/midterm.egg-info/top_level.txt
[2.312s] reading manifest file '../build/midterm/midterm.egg-info/SOURCES.txt'
[2.317s] writing manifest file '../build/midterm/midterm.egg-info/SOURCES.txt'
[2.318s] running build
[2.319s] running build_py
[2.321s] copying midterm/midtermnode.py -> /root/adr-class/build/midterm/build/lib/midterm
[2.322s] running install
[2.326s] running install_lib
[2.330s] copying /root/adr-class/build/midterm/build/lib/midterm/midtermnode.py -> /root/adr-class/install/midterm/lib/python3.8/site-packages/midterm
[2.333s] byte-compiling /root/adr-class/install/midterm/lib/python3.8/site-packages/midterm/midtermnode.py to midtermnode.cpython-38.pyc
[2.343s] running install_data
[2.343s] running install_egg_info
[2.350s] removing '/root/adr-class/install/midterm/lib/python3.8/site-packages/midterm-0.0.0-py3.8.egg-info' (and everything under it)
[2.350s] Copying ../build/midterm/midterm.egg-info to /root/adr-class/install/midterm/lib/python3.8/site-packages/midterm-0.0.0-py3.8.egg-info
[2.353s] running install_scripts
[2.422s] Installing midterm script to /root/adr-class/install/midterm/lib/midterm
[2.427s] writing list of installed files to '/root/adr-class/build/midterm/install.log'
[2.514s] Invoked command in '/root/adr-class/midterm' returned '0': PYTHONPATH=/root/adr-class/install/midterm/lib/python3.8/site-packages:${PYTHONPATH} /usr/bin/python3 setup.py egg_info --egg-base ../build/midterm build --build-base /root/adr-class/build/midterm/build install --prefix /root/adr-class/install/midterm --record /root/adr-class/build/midterm/install.log --single-version-externally-managed
