[1.117s] Invoking command in '/root/adr-class/midterm': PYTHONPATH=/root/adr-class/install/midterm/lib/python3.8/site-packages:${PYTHONPATH} /usr/bin/python3 setup.py egg_info --egg-base ../build/midterm build --build-base /root/adr-class/build/midterm/build install --prefix /root/adr-class/install/midterm --record /root/adr-class/build/midterm/install.log --single-version-externally-managed
[2.078s] running egg_info
[2.080s] writing ../build/midterm/midterm.egg-info/PKG-INFO
[2.081s] writing dependency_links to ../build/midterm/midterm.egg-info/dependency_links.txt
[2.081s] writing entry points to ../build/midterm/midterm.egg-info/entry_points.txt
[2.082s] writing requirements to ../build/midterm/midterm.egg-info/requires.txt
[2.082s] writing top-level names to ../build/midterm/midterm.egg-info/top_level.txt
[2.211s] reading manifest file '../build/midterm/midterm.egg-info/SOURCES.txt'
[2.214s] writing manifest file '../build/midterm/midterm.egg-info/SOURCES.txt'
[2.215s] running build
[2.217s] running build_py
[2.217s] copying midterm/midtermnode.py -> /root/adr-class/build/midterm/build/lib/midterm
[2.218s] running install
[2.219s] running install_lib
[2.226s] copying /root/adr-class/build/midterm/build/lib/midterm/midtermnode.py -> /root/adr-class/install/midterm/lib/python3.8/site-packages/midterm
[2.229s] byte-compiling /root/adr-class/install/midterm/lib/python3.8/site-packages/midterm/midtermnode.py to midtermnode.cpython-38.pyc
[2.231s] running install_data
[2.239s] running install_egg_info
[2.241s] removing '/root/adr-class/install/midterm/lib/python3.8/site-packages/midterm-0.0.0-py3.8.egg-info' (and everything under it)
[2.242s] Copying ../build/midterm/midterm.egg-info to /root/adr-class/install/midterm/lib/python3.8/site-packages/midterm-0.0.0-py3.8.egg-info
[2.246s] running install_scripts
[2.306s] Installing midterm script to /root/adr-class/install/midterm/lib/midterm
[2.308s] writing list of installed files to '/root/adr-class/build/midterm/install.log'
[2.386s] Invoked command in '/root/adr-class/midterm' returned '0': PYTHONPATH=/root/adr-class/install/midterm/lib/python3.8/site-packages:${PYTHONPATH} /usr/bin/python3 setup.py egg_info --egg-base ../build/midterm build --build-base /root/adr-class/build/midterm/build install --prefix /root/adr-class/install/midterm --record /root/adr-class/build/midterm/install.log --single-version-externally-managed
