[1.138s] DEBUG:colcon:Command line arguments: ['/usr/bin/colcon', 'build']
[1.139s] DEBUG:colcon:Parsed command line arguments: Namespace(ament_cmake_args=None, base_paths=['.'], build_base='build', catkin_cmake_args=None, catkin_skip_building_tests=False, cmake_args=None, cmake_clean_cache=False, cmake_clean_first=False, cmake_force_configure=False, cmake_target=None, cmake_target_skip_unavailable=False, continue_on_error=False, event_handlers=None, executor='parallel', ignore_user_meta=False, install_base='install', log_base=None, log_level=None, main=<bound method BuildVerb.main of <colcon_core.verb.build.BuildVerb object at 0x7fb677f107f0>>, merge_install=False, metas=['./colcon.meta'], packages_above=None, packages_above_and_dependencies=None, packages_above_depth=None, packages_end=None, packages_ignore=None, packages_ignore_regex=None, packages_select=None, packages_select_build_failed=False, packages_select_by_dep=None, packages_select_regex=None, packages_select_test_failures=False, packages_skip=None, packages_skip_build_finished=False, packages_skip_by_dep=None, packages_skip_regex=None, packages_skip_test_passed=False, packages_skip_up_to=None, packages_start=None, packages_up_to=None, packages_up_to_regex=None, parallel_workers=2, paths=None, symlink_install=False, test_result_base=None, verb_extension=<colcon_core.verb.build.BuildVerb object at 0x7fb677f107f0>, verb_name='build', verb_parser=<colcon_defaults.argument_parser.defaults.DefaultArgumentsDecorator object at 0x7fb677f10d60>)
[1.172s] Level 1:colcon.colcon_core.package_discovery:discover_packages(colcon_meta) check parameters
[1.172s] Level 1:colcon.colcon_core.package_discovery:discover_packages(recursive) check parameters
[1.173s] Level 1:colcon.colcon_core.package_discovery:discover_packages(ignore) check parameters
[1.173s] Level 1:colcon.colcon_core.package_discovery:discover_packages(path) check parameters
[1.173s] Level 1:colcon.colcon_core.package_discovery:discover_packages(colcon_meta) discover
[1.173s] Level 1:colcon.colcon_core.package_discovery:discover_packages(recursive) discover
[1.173s] INFO:colcon.colcon_core.package_discovery:Crawling recursively for packages in '/root/adr-class'
[1.174s] Level 1:colcon.colcon_core.package_identification:_identify(.) by extensions ['ignore', 'ignore_ament_install']
[1.174s] Level 1:colcon.colcon_core.package_identification:_identify(.) by extension 'ignore'
[1.174s] Level 1:colcon.colcon_core.package_identification:_identify(.) by extension 'ignore_ament_install'
[1.175s] Level 1:colcon.colcon_core.package_identification:_identify(.) by extensions ['colcon_pkg']
[1.175s] Level 1:colcon.colcon_core.package_identification:_identify(.) by extension 'colcon_pkg'
[1.175s] Level 1:colcon.colcon_core.package_identification:_identify(.) by extensions ['colcon_meta']
[1.175s] Level 1:colcon.colcon_core.package_identification:_identify(.) by extension 'colcon_meta'
[1.175s] Level 1:colcon.colcon_core.package_identification:_identify(.) by extensions ['ros']
[1.175s] Level 1:colcon.colcon_core.package_identification:_identify(.) by extension 'ros'
[1.231s] Level 1:colcon.colcon_core.package_identification:_identify(.) by extensions ['cmake', 'python']
[1.231s] Level 1:colcon.colcon_core.package_identification:_identify(.) by extension 'cmake'
[1.231s] Level 1:colcon.colcon_core.package_identification:_identify(.) by extension 'python'
[1.231s] Level 1:colcon.colcon_core.package_identification:_identify(.) by extensions ['python_setup_py']
[1.232s] Level 1:colcon.colcon_core.package_identification:_identify(.) by extension 'python_setup_py'
[1.232s] Level 1:colcon.colcon_core.package_identification:_identify(build) by extensions ['ignore', 'ignore_ament_install']
[1.233s] Level 1:colcon.colcon_core.package_identification:_identify(build) by extension 'ignore'
[1.233s] Level 1:colcon.colcon_core.package_identification:_identify(build) ignored
[1.233s] Level 1:colcon.colcon_core.package_identification:_identify(install) by extensions ['ignore', 'ignore_ament_install']
[1.234s] Level 1:colcon.colcon_core.package_identification:_identify(install) by extension 'ignore'
[1.234s] Level 1:colcon.colcon_core.package_identification:_identify(install) ignored
[1.234s] Level 1:colcon.colcon_core.package_identification:_identify(log) by extensions ['ignore', 'ignore_ament_install']
[1.235s] Level 1:colcon.colcon_core.package_identification:_identify(log) by extension 'ignore'
[1.235s] Level 1:colcon.colcon_core.package_identification:_identify(log) ignored
[1.236s] Level 1:colcon.colcon_core.package_identification:_identify(midterm) by extensions ['ignore', 'ignore_ament_install']
[1.236s] Level 1:colcon.colcon_core.package_identification:_identify(midterm) by extension 'ignore'
[1.236s] Level 1:colcon.colcon_core.package_identification:_identify(midterm) by extension 'ignore_ament_install'
[1.236s] Level 1:colcon.colcon_core.package_identification:_identify(midterm) by extensions ['colcon_pkg']
[1.237s] Level 1:colcon.colcon_core.package_identification:_identify(midterm) by extension 'colcon_pkg'
[1.237s] Level 1:colcon.colcon_core.package_identification:_identify(midterm) by extensions ['colcon_meta']
[1.237s] Level 1:colcon.colcon_core.package_identification:_identify(midterm) by extension 'colcon_meta'
[1.237s] Level 1:colcon.colcon_core.package_identification:_identify(midterm) by extensions ['ros']
[1.237s] Level 1:colcon.colcon_core.package_identification:_identify(midterm) by extension 'ros'
[1.249s] DEBUG:colcon.colcon_core.package_identification:Package 'midterm' with type 'ros.ament_python' and name 'midterm'
[1.249s] Level 1:colcon.colcon_core.package_discovery:discover_packages(recursive) using defaults
[1.249s] Level 1:colcon.colcon_core.package_discovery:discover_packages(ignore) discover
[1.249s] Level 1:colcon.colcon_core.package_discovery:discover_packages(ignore) using defaults
[1.249s] Level 1:colcon.colcon_core.package_discovery:discover_packages(path) discover
[1.249s] Level 1:colcon.colcon_core.package_discovery:discover_packages(path) using defaults
[1.340s] Level 5:colcon.colcon_core.verb:set package 'midterm' build argument 'cmake_args' from command line to 'None'
[1.341s] Level 5:colcon.colcon_core.verb:set package 'midterm' build argument 'cmake_target' from command line to 'None'
[1.341s] Level 5:colcon.colcon_core.verb:set package 'midterm' build argument 'cmake_target_skip_unavailable' from command line to 'False'
[1.341s] Level 5:colcon.colcon_core.verb:set package 'midterm' build argument 'cmake_clean_cache' from command line to 'False'
[1.341s] Level 5:colcon.colcon_core.verb:set package 'midterm' build argument 'cmake_clean_first' from command line to 'False'
[1.341s] Level 5:colcon.colcon_core.verb:set package 'midterm' build argument 'cmake_force_configure' from command line to 'False'
[1.341s] Level 5:colcon.colcon_core.verb:set package 'midterm' build argument 'ament_cmake_args' from command line to 'None'
[1.341s] Level 5:colcon.colcon_core.verb:set package 'midterm' build argument 'catkin_cmake_args' from command line to 'None'
[1.342s] Level 5:colcon.colcon_core.verb:set package 'midterm' build argument 'catkin_skip_building_tests' from command line to 'False'
[1.342s] DEBUG:colcon.colcon_core.verb:Building package 'midterm' with the following arguments: {'ament_cmake_args': None, 'build_base': '/root/adr-class/build/midterm', 'catkin_cmake_args': None, 'catkin_skip_building_tests': False, 'cmake_args': None, 'cmake_clean_cache': False, 'cmake_clean_first': False, 'cmake_force_configure': False, 'cmake_target': None, 'cmake_target_skip_unavailable': False, 'install_base': '/root/adr-class/install/midterm', 'merge_install': False, 'path': '/root/adr-class/midterm', 'symlink_install': False, 'test_result_base': None}
[1.343s] INFO:colcon.colcon_core.executor:Executing jobs using 'parallel' executor
[1.351s] DEBUG:colcon.colcon_parallel_executor.executor.parallel:run_until_complete
[1.352s] INFO:colcon.colcon_ros.task.ament_python.build:Building ROS package in '/root/adr-class/midterm' with build type 'ament_python'
[1.352s] Level 1:colcon.colcon_core.shell:create_environment_hook('midterm', 'ament_prefix_path')
[1.383s] INFO:colcon.colcon_core.plugin_system:Skipping extension 'colcon_core.shell.bat': Not used on non-Windows systems
[1.384s] INFO:colcon.colcon_core.shell:Creating environment hook '/root/adr-class/install/midterm/share/midterm/hook/ament_prefix_path.ps1'
[1.387s] INFO:colcon.colcon_core.shell:Creating environment descriptor '/root/adr-class/install/midterm/share/midterm/hook/ament_prefix_path.dsv'
[1.395s] INFO:colcon.colcon_core.shell:Creating environment hook '/root/adr-class/install/midterm/share/midterm/hook/ament_prefix_path.sh'
[1.404s] INFO:colcon.colcon_core.shell:Skip shell extension 'powershell' for command environment: Not usable outside of PowerShell
[1.404s] DEBUG:colcon.colcon_core.shell:Skip shell extension 'dsv' for command environment
[1.422s] DEBUG:colcon.colcon_core.shell:Ignoring prefix path '/opt/ros/foxy'
[2.450s] INFO:colcon.colcon_core.task.python.build:Building Python package in '/root/adr-class/midterm'
[2.453s] INFO:colcon.colcon_core.shell:Skip shell extension 'powershell' for command environment: Not usable outside of PowerShell
[2.454s] DEBUG:colcon.colcon_core.shell:Skip shell extension 'dsv' for command environment
[2.470s] DEBUG:colcon.colcon_core.shell:Ignoring prefix path '/opt/ros/foxy'
[2.498s] DEBUG:colcon.colcon_core.event_handler.log_command:Invoking command in '/root/adr-class/midterm': PYTHONPATH=/root/adr-class/install/midterm/lib/python3.8/site-packages:${PYTHONPATH} /usr/bin/python3 setup.py egg_info --egg-base ../build/midterm build --build-base /root/adr-class/build/midterm/build install --prefix /root/adr-class/install/midterm --record /root/adr-class/build/midterm/install.log --single-version-externally-managed
[4.172s] DEBUG:colcon.colcon_core.event_handler.log_command:Invoked command in '/root/adr-class/midterm' returned '0': PYTHONPATH=/root/adr-class/install/midterm/lib/python3.8/site-packages:${PYTHONPATH} /usr/bin/python3 setup.py egg_info --egg-base ../build/midterm build --build-base /root/adr-class/build/midterm/build install --prefix /root/adr-class/install/midterm --record /root/adr-class/build/midterm/install.log --single-version-externally-managed
[4.340s] Level 1:colcon.colcon_core.environment:checking '/root/adr-class/install/midterm' for CMake module files
[4.343s] Level 1:colcon.colcon_core.environment:checking '/root/adr-class/install/midterm' for CMake config files
[4.346s] Level 1:colcon.colcon_core.environment:checking '/root/adr-class/install/midterm/lib'
[4.347s] Level 1:colcon.colcon_core.environment:checking '/root/adr-class/install/midterm/bin'
[4.347s] Level 1:colcon.colcon_core.environment:checking '/root/adr-class/install/midterm/lib/pkgconfig/midterm.pc'
[4.348s] Level 1:colcon.colcon_core.environment:checking '/root/adr-class/install/midterm/lib/python3.8/site-packages'
[4.348s] Level 1:colcon.colcon_core.shell:create_environment_hook('midterm', 'pythonpath')
[4.350s] INFO:colcon.colcon_core.shell:Creating environment hook '/root/adr-class/install/midterm/share/midterm/hook/pythonpath.ps1'
[4.352s] INFO:colcon.colcon_core.shell:Creating environment descriptor '/root/adr-class/install/midterm/share/midterm/hook/pythonpath.dsv'
[4.354s] INFO:colcon.colcon_core.shell:Creating environment hook '/root/adr-class/install/midterm/share/midterm/hook/pythonpath.sh'
[4.355s] Level 1:colcon.colcon_core.environment:create_environment_scripts_only(midterm)
[4.358s] INFO:colcon.colcon_core.shell:Creating package script '/root/adr-class/install/midterm/share/midterm/package.ps1'
[4.364s] INFO:colcon.colcon_core.shell:Creating package descriptor '/root/adr-class/install/midterm/share/midterm/package.dsv'
[4.366s] INFO:colcon.colcon_core.shell:Creating package script '/root/adr-class/install/midterm/share/midterm/package.sh'
[4.371s] INFO:colcon.colcon_core.shell:Creating package script '/root/adr-class/install/midterm/share/midterm/package.bash'
[4.375s] INFO:colcon.colcon_core.shell:Creating package script '/root/adr-class/install/midterm/share/midterm/package.zsh'
[4.378s] Level 1:colcon.colcon_core.environment:create_file_with_runtime_dependencies(/root/adr-class/install/midterm/share/colcon-core/packages/midterm)
[4.380s] DEBUG:colcon.colcon_parallel_executor.executor.parallel:closing loop
[4.382s] DEBUG:colcon.colcon_parallel_executor.executor.parallel:loop closed
[4.383s] DEBUG:colcon.colcon_parallel_executor.executor.parallel:run_until_complete finished with '0'
[4.383s] DEBUG:colcon.colcon_core.event_reactor:joining thread
[4.431s] INFO:colcon.colcon_core.plugin_system:Skipping extension 'colcon_notification.desktop_notification.terminal_notifier': Not used on non-Darwin systems
[4.432s] INFO:colcon.colcon_core.plugin_system:Skipping extension 'colcon_notification.desktop_notification.win32': Not used on non-Windows systems
[4.432s] INFO:colcon.colcon_notification.desktop_notification:Sending desktop notification using 'notify2'
[4.460s] DEBUG:colcon.colcon_notification.desktop_notification.notify2:Failed to initialize notify2: org.freedesktop.DBus.Error.ServiceUnknown: The name org.freedesktop.Notifications was not provided by any .service files
[4.461s] DEBUG:colcon.colcon_core.event_reactor:joined thread
[4.465s] INFO:colcon.colcon_core.shell:Creating prefix script '/root/adr-class/install/local_setup.ps1'
[4.472s] INFO:colcon.colcon_core.shell:Creating prefix util module '/root/adr-class/install/_local_setup_util_ps1.py'
[4.478s] INFO:colcon.colcon_core.shell:Creating prefix chain script '/root/adr-class/install/setup.ps1'
[4.491s] INFO:colcon.colcon_core.shell:Creating prefix script '/root/adr-class/install/local_setup.sh'
[4.495s] INFO:colcon.colcon_core.shell:Creating prefix util module '/root/adr-class/install/_local_setup_util_sh.py'
[4.497s] INFO:colcon.colcon_core.shell:Creating prefix chain script '/root/adr-class/install/setup.sh'
[4.509s] INFO:colcon.colcon_core.shell:Creating prefix script '/root/adr-class/install/local_setup.bash'
[4.512s] INFO:colcon.colcon_core.shell:Creating prefix chain script '/root/adr-class/install/setup.bash'
[4.524s] INFO:colcon.colcon_core.shell:Creating prefix script '/root/adr-class/install/local_setup.zsh'
[4.527s] INFO:colcon.colcon_core.shell:Creating prefix chain script '/root/adr-class/install/setup.zsh'
