[1.139s] DEBUG:colcon:Command line arguments: ['/usr/bin/colcon', 'build']
[1.139s] DEBUG:colcon:Parsed command line arguments: Namespace(ament_cmake_args=None, base_paths=['.'], build_base='build', catkin_cmake_args=None, catkin_skip_building_tests=False, cmake_args=None, cmake_clean_cache=False, cmake_clean_first=False, cmake_force_configure=False, cmake_target=None, cmake_target_skip_unavailable=False, continue_on_error=False, event_handlers=None, executor='parallel', ignore_user_meta=False, install_base='install', log_base=None, log_level=None, main=<bound method BuildVerb.main of <colcon_core.verb.build.BuildVerb object at 0x7fa938ebd730>>, merge_install=False, metas=['./colcon.meta'], packages_above=None, packages_above_and_dependencies=None, packages_above_depth=None, packages_end=None, packages_ignore=None, packages_ignore_regex=None, packages_select=None, packages_select_build_failed=False, packages_select_by_dep=None, packages_select_regex=None, packages_select_test_failures=False, packages_skip=None, packages_skip_build_finished=False, packages_skip_by_dep=None, packages_skip_regex=None, packages_skip_test_passed=False, packages_skip_up_to=None, packages_start=None, packages_up_to=None, packages_up_to_regex=None, parallel_workers=2, paths=None, symlink_install=False, test_result_base=None, verb_extension=<colcon_core.verb.build.BuildVerb object at 0x7fa938ebd730>, verb_name='build', verb_parser=<colcon_defaults.argument_parser.defaults.DefaultArgumentsDecorator object at 0x7fa938ebdc70>)
[1.175s] Level 1:colcon.colcon_core.package_discovery:discover_packages(colcon_meta) check parameters
[1.175s] Level 1:colcon.colcon_core.package_discovery:discover_packages(recursive) check parameters
[1.175s] Level 1:colcon.colcon_core.package_discovery:discover_packages(ignore) check parameters
[1.175s] Level 1:colcon.colcon_core.package_discovery:discover_packages(path) check parameters
[1.175s] Level 1:colcon.colcon_core.package_discovery:discover_packages(colcon_meta) discover
[1.176s] Level 1:colcon.colcon_core.package_discovery:discover_packages(recursive) discover
[1.176s] INFO:colcon.colcon_core.package_discovery:Crawling recursively for packages in '/root/adr-class'
[1.176s] Level 1:colcon.colcon_core.package_identification:_identify(.) by extensions ['ignore', 'ignore_ament_install']
[1.177s] Level 1:colcon.colcon_core.package_identification:_identify(.) by extension 'ignore'
[1.177s] Level 1:colcon.colcon_core.package_identification:_identify(.) by extension 'ignore_ament_install'
[1.177s] Level 1:colcon.colcon_core.package_identification:_identify(.) by extensions ['colcon_pkg']
[1.177s] Level 1:colcon.colcon_core.package_identification:_identify(.) by extension 'colcon_pkg'
[1.178s] Level 1:colcon.colcon_core.package_identification:_identify(.) by extensions ['colcon_meta']
[1.178s] Level 1:colcon.colcon_core.package_identification:_identify(.) by extension 'colcon_meta'
[1.178s] Level 1:colcon.colcon_core.package_identification:_identify(.) by extensions ['ros']
[1.178s] Level 1:colcon.colcon_core.package_identification:_identify(.) by extension 'ros'
[1.234s] Level 1:colcon.colcon_core.package_identification:_identify(.) by extensions ['cmake', 'python']
[1.235s] Level 1:colcon.colcon_core.package_identification:_identify(.) by extension 'cmake'
[1.235s] Level 1:colcon.colcon_core.package_identification:_identify(.) by extension 'python'
[1.235s] Level 1:colcon.colcon_core.package_identification:_identify(.) by extensions ['python_setup_py']
[1.235s] Level 1:colcon.colcon_core.package_identification:_identify(.) by extension 'python_setup_py'
[1.236s] Level 1:colcon.colcon_core.package_identification:_identify(build) by extensions ['ignore', 'ignore_ament_install']
[1.237s] Level 1:colcon.colcon_core.package_identification:_identify(build) by extension 'ignore'
[1.237s] Level 1:colcon.colcon_core.package_identification:_identify(build) ignored
[1.238s] Level 1:colcon.colcon_core.package_identification:_identify(install) by extensions ['ignore', 'ignore_ament_install']
[1.238s] Level 1:colcon.colcon_core.package_identification:_identify(install) by extension 'ignore'
[1.239s] Level 1:colcon.colcon_core.package_identification:_identify(install) ignored
[1.239s] Level 1:colcon.colcon_core.package_identification:_identify(log) by extensions ['ignore', 'ignore_ament_install']
[1.240s] Level 1:colcon.colcon_core.package_identification:_identify(log) by extension 'ignore'
[1.240s] Level 1:colcon.colcon_core.package_identification:_identify(log) ignored
[1.240s] Level 1:colcon.colcon_core.package_identification:_identify(midterm) by extensions ['ignore', 'ignore_ament_install']
[1.240s] Level 1:colcon.colcon_core.package_identification:_identify(midterm) by extension 'ignore'
[1.241s] Level 1:colcon.colcon_core.package_identification:_identify(midterm) by extension 'ignore_ament_install'
[1.241s] Level 1:colcon.colcon_core.package_identification:_identify(midterm) by extensions ['colcon_pkg']
[1.241s] Level 1:colcon.colcon_core.package_identification:_identify(midterm) by extension 'colcon_pkg'
[1.241s] Level 1:colcon.colcon_core.package_identification:_identify(midterm) by extensions ['colcon_meta']
[1.241s] Level 1:colcon.colcon_core.package_identification:_identify(midterm) by extension 'colcon_meta'
[1.242s] Level 1:colcon.colcon_core.package_identification:_identify(midterm) by extensions ['ros']
[1.242s] Level 1:colcon.colcon_core.package_identification:_identify(midterm) by extension 'ros'
[1.255s] DEBUG:colcon.colcon_core.package_identification:Package 'midterm' with type 'ros.ament_python' and name 'midterm'
[1.255s] Level 1:colcon.colcon_core.package_discovery:discover_packages(recursive) using defaults
[1.255s] Level 1:colcon.colcon_core.package_discovery:discover_packages(ignore) discover
[1.255s] Level 1:colcon.colcon_core.package_discovery:discover_packages(ignore) using defaults
[1.255s] Level 1:colcon.colcon_core.package_discovery:discover_packages(path) discover
[1.255s] Level 1:colcon.colcon_core.package_discovery:discover_packages(path) using defaults
[1.346s] Level 5:colcon.colcon_core.verb:set package 'midterm' build argument 'cmake_args' from command line to 'None'
[1.346s] Level 5:colcon.colcon_core.verb:set package 'midterm' build argument 'cmake_target' from command line to 'None'
[1.347s] Level 5:colcon.colcon_core.verb:set package 'midterm' build argument 'cmake_target_skip_unavailable' from command line to 'False'
[1.347s] Level 5:colcon.colcon_core.verb:set package 'midterm' build argument 'cmake_clean_cache' from command line to 'False'
[1.347s] Level 5:colcon.colcon_core.verb:set package 'midterm' build argument 'cmake_clean_first' from command line to 'False'
[1.347s] Level 5:colcon.colcon_core.verb:set package 'midterm' build argument 'cmake_force_configure' from command line to 'False'
[1.347s] Level 5:colcon.colcon_core.verb:set package 'midterm' build argument 'ament_cmake_args' from command line to 'None'
[1.347s] Level 5:colcon.colcon_core.verb:set package 'midterm' build argument 'catkin_cmake_args' from command line to 'None'
[1.347s] Level 5:colcon.colcon_core.verb:set package 'midterm' build argument 'catkin_skip_building_tests' from command line to 'False'
[1.347s] DEBUG:colcon.colcon_core.verb:Building package 'midterm' with the following arguments: {'ament_cmake_args': None, 'build_base': '/root/adr-class/build/midterm', 'catkin_cmake_args': None, 'catkin_skip_building_tests': False, 'cmake_args': None, 'cmake_clean_cache': False, 'cmake_clean_first': False, 'cmake_force_configure': False, 'cmake_target': None, 'cmake_target_skip_unavailable': False, 'install_base': '/root/adr-class/install/midterm', 'merge_install': False, 'path': '/root/adr-class/midterm', 'symlink_install': False, 'test_result_base': None}
[1.351s] INFO:colcon.colcon_core.executor:Executing jobs using 'parallel' executor
[1.359s] DEBUG:colcon.colcon_parallel_executor.executor.parallel:run_until_complete
[1.360s] INFO:colcon.colcon_ros.task.ament_python.build:Building ROS package in '/root/adr-class/midterm' with build type 'ament_python'
[1.360s] Level 1:colcon.colcon_core.shell:create_environment_hook('midterm', 'ament_prefix_path')
[1.389s] INFO:colcon.colcon_core.plugin_system:Skipping extension 'colcon_core.shell.bat': Not used on non-Windows systems
[1.390s] INFO:colcon.colcon_core.shell:Creating environment hook '/root/adr-class/install/midterm/share/midterm/hook/ament_prefix_path.ps1'
[1.398s] INFO:colcon.colcon_core.shell:Creating environment descriptor '/root/adr-class/install/midterm/share/midterm/hook/ament_prefix_path.dsv'
[1.400s] INFO:colcon.colcon_core.shell:Creating environment hook '/root/adr-class/install/midterm/share/midterm/hook/ament_prefix_path.sh'
[1.406s] INFO:colcon.colcon_core.shell:Skip shell extension 'powershell' for command environment: Not usable outside of PowerShell
[1.406s] DEBUG:colcon.colcon_core.shell:Skip shell extension 'dsv' for command environment
[1.428s] DEBUG:colcon.colcon_core.shell:Ignoring prefix path '/opt/ros/foxy'
[2.489s] INFO:colcon.colcon_core.task.python.build:Building Python package in '/root/adr-class/midterm'
[2.492s] INFO:colcon.colcon_core.shell:Skip shell extension 'powershell' for command environment: Not usable outside of PowerShell
[2.492s] DEBUG:colcon.colcon_core.shell:Skip shell extension 'dsv' for command environment
[2.506s] DEBUG:colcon.colcon_core.shell:Ignoring prefix path '/opt/ros/foxy'
[2.538s] DEBUG:colcon.colcon_core.event_handler.log_command:Invoking command in '/root/adr-class/midterm': PYTHONPATH=/root/adr-class/install/midterm/lib/python3.8/site-packages:${PYTHONPATH} /usr/bin/python3 setup.py egg_info --egg-base ../build/midterm build --build-base /root/adr-class/build/midterm/build install --prefix /root/adr-class/install/midterm --record /root/adr-class/build/midterm/install.log --single-version-externally-managed
[5.288s] DEBUG:colcon.colcon_core.event_handler.log_command:Invoked command in '/root/adr-class/midterm' returned '0': PYTHONPATH=/root/adr-class/install/midterm/lib/python3.8/site-packages:${PYTHONPATH} /usr/bin/python3 setup.py egg_info --egg-base ../build/midterm build --build-base /root/adr-class/build/midterm/build install --prefix /root/adr-class/install/midterm --record /root/adr-class/build/midterm/install.log --single-version-externally-managed
[5.469s] Level 1:colcon.colcon_core.environment:checking '/root/adr-class/install/midterm' for CMake module files
[5.475s] Level 1:colcon.colcon_core.environment:checking '/root/adr-class/install/midterm' for CMake config files
[5.486s] Level 1:colcon.colcon_core.environment:checking '/root/adr-class/install/midterm/lib'
[5.487s] Level 1:colcon.colcon_core.environment:checking '/root/adr-class/install/midterm/bin'
[5.488s] Level 1:colcon.colcon_core.environment:checking '/root/adr-class/install/midterm/lib/pkgconfig/midterm.pc'
[5.488s] Level 1:colcon.colcon_core.environment:checking '/root/adr-class/install/midterm/lib/python3.8/site-packages'
[5.488s] Level 1:colcon.colcon_core.shell:create_environment_hook('midterm', 'pythonpath')
[5.491s] INFO:colcon.colcon_core.shell:Creating environment hook '/root/adr-class/install/midterm/share/midterm/hook/pythonpath.ps1'
[5.492s] INFO:colcon.colcon_core.shell:Creating environment descriptor '/root/adr-class/install/midterm/share/midterm/hook/pythonpath.dsv'
[5.494s] INFO:colcon.colcon_core.shell:Creating environment hook '/root/adr-class/install/midterm/share/midterm/hook/pythonpath.sh'
[5.496s] Level 1:colcon.colcon_core.environment:create_environment_scripts_only(midterm)
[5.499s] INFO:colcon.colcon_core.shell:Creating package script '/root/adr-class/install/midterm/share/midterm/package.ps1'
[5.509s] INFO:colcon.colcon_core.shell:Creating package descriptor '/root/adr-class/install/midterm/share/midterm/package.dsv'
[5.535s] INFO:colcon.colcon_core.shell:Creating package script '/root/adr-class/install/midterm/share/midterm/package.sh'
[5.541s] INFO:colcon.colcon_core.shell:Creating package script '/root/adr-class/install/midterm/share/midterm/package.bash'
[5.548s] INFO:colcon.colcon_core.shell:Creating package script '/root/adr-class/install/midterm/share/midterm/package.zsh'
[5.559s] Level 1:colcon.colcon_core.environment:create_file_with_runtime_dependencies(/root/adr-class/install/midterm/share/colcon-core/packages/midterm)
[5.569s] DEBUG:colcon.colcon_parallel_executor.executor.parallel:closing loop
[5.575s] DEBUG:colcon.colcon_parallel_executor.executor.parallel:loop closed
[5.575s] DEBUG:colcon.colcon_parallel_executor.executor.parallel:run_until_complete finished with '0'
[5.575s] DEBUG:colcon.colcon_core.event_reactor:joining thread
[5.651s] INFO:colcon.colcon_core.plugin_system:Skipping extension 'colcon_notification.desktop_notification.terminal_notifier': Not used on non-Darwin systems
[5.651s] INFO:colcon.colcon_core.plugin_system:Skipping extension 'colcon_notification.desktop_notification.win32': Not used on non-Windows systems
[5.651s] INFO:colcon.colcon_notification.desktop_notification:Sending desktop notification using 'notify2'
[5.712s] DEBUG:colcon.colcon_notification.desktop_notification.notify2:Failed to initialize notify2: org.freedesktop.DBus.Error.ServiceUnknown: The name org.freedesktop.Notifications was not provided by any .service files
[5.713s] DEBUG:colcon.colcon_core.event_reactor:joined thread
[5.718s] INFO:colcon.colcon_core.shell:Creating prefix script '/root/adr-class/install/local_setup.ps1'
[5.900s] INFO:colcon.colcon_core.shell:Creating prefix util module '/root/adr-class/install/_local_setup_util_ps1.py'
[5.906s] INFO:colcon.colcon_core.shell:Creating prefix chain script '/root/adr-class/install/setup.ps1'
[5.930s] INFO:colcon.colcon_core.shell:Creating prefix script '/root/adr-class/install/local_setup.sh'
[5.937s] INFO:colcon.colcon_core.shell:Creating prefix util module '/root/adr-class/install/_local_setup_util_sh.py'
[5.942s] INFO:colcon.colcon_core.shell:Creating prefix chain script '/root/adr-class/install/setup.sh'
[5.972s] INFO:colcon.colcon_core.shell:Creating prefix script '/root/adr-class/install/local_setup.bash'
[5.975s] INFO:colcon.colcon_core.shell:Creating prefix chain script '/root/adr-class/install/setup.bash'
[5.995s] INFO:colcon.colcon_core.shell:Creating prefix script '/root/adr-class/install/local_setup.zsh'
[5.998s] INFO:colcon.colcon_core.shell:Creating prefix chain script '/root/adr-class/install/setup.zsh'
