[1.459s] Invoking command in '/root/adr-class/midterm': PYTHONPATH=/root/adr-class/install/midterm/lib/python3.8/site-packages:${PYTHONPATH} /usr/bin/python3 setup.py egg_info --egg-base ../build/midterm build --build-base /root/adr-class/build/midterm/build install --prefix /root/adr-class/install/midterm --record /root/adr-class/build/midterm/install.log --single-version-externally-managed
[2.799s] running egg_info
[2.807s] writing ../build/midterm/midterm.egg-info/PKG-INFO
[2.807s] writing dependency_links to ../build/midterm/midterm.egg-info/dependency_links.txt
[2.807s] writing entry points to ../build/midterm/midterm.egg-info/entry_points.txt
[2.808s] writing requirements to ../build/midterm/midterm.egg-info/requires.txt
[2.808s] writing top-level names to ../build/midterm/midterm.egg-info/top_level.txt
[3.003s] reading manifest file '../build/midterm/midterm.egg-info/SOURCES.txt'
[3.007s] writing manifest file '../build/midterm/midterm.egg-info/SOURCES.txt'
[3.009s] running build
[3.009s] running build_py
[3.013s] copying midterm/midtermnode.py -> /root/adr-class/build/midterm/build/lib/midterm
[3.015s] running install
[3.019s] running install_lib
[3.030s] copying /root/adr-class/build/midterm/build/lib/midterm/midtermnode.py -> /root/adr-class/install/midterm/lib/python3.8/site-packages/midterm
[3.037s] byte-compiling /root/adr-class/install/midterm/lib/python3.8/site-packages/midterm/midtermnode.py to midtermnode.cpython-38.pyc
[3.043s] running install_data
[3.046s] running install_egg_info
[3.060s] removing '/root/adr-class/install/midterm/lib/python3.8/site-packages/midterm-0.0.0-py3.8.egg-info' (and everything under it)
[3.062s] Copying ../build/midterm/midterm.egg-info to /root/adr-class/install/midterm/lib/python3.8/site-packages/midterm-0.0.0-py3.8.egg-info
[3.066s] running install_scripts
[3.139s] Installing midterm script to /root/adr-class/install/midterm/lib/midterm
[3.141s] writing list of installed files to '/root/adr-class/build/midterm/install.log'
[3.240s] Invoked command in '/root/adr-class/midterm' returned '0': PYTHONPATH=/root/adr-class/install/midterm/lib/python3.8/site-packages:${PYTHONPATH} /usr/bin/python3 setup.py egg_info --egg-base ../build/midterm build --build-base /root/adr-class/build/midterm/build install --prefix /root/adr-class/install/midterm --record /root/adr-class/build/midterm/install.log --single-version-externally-managed
