[1.764s] Invoking command in '/root/adr-class/midterm': PYTHONPATH=/root/adr-class/install/midterm/lib/python3.8/site-packages:${PYTHONPATH} /usr/bin/python3 setup.py egg_info --egg-base ../build/midterm build --build-base /root/adr-class/build/midterm/build install --prefix /root/adr-class/install/midterm --record /root/adr-class/build/midterm/install.log --single-version-externally-managed
[3.534s] running egg_info
[3.537s] writing ../build/midterm/midterm.egg-info/PKG-INFO
[3.539s] writing dependency_links to ../build/midterm/midterm.egg-info/dependency_links.txt
[3.540s] writing entry points to ../build/midterm/midterm.egg-info/entry_points.txt
[3.542s] writing requirements to ../build/midterm/midterm.egg-info/requires.txt
[3.543s] writing top-level names to ../build/midterm/midterm.egg-info/top_level.txt
[3.933s] reading manifest file '../build/midterm/midterm.egg-info/SOURCES.txt'
[3.941s] writing manifest file '../build/midterm/midterm.egg-info/SOURCES.txt'
[3.942s] running build
[3.943s] running build_py
[3.947s] running install
[3.957s] running install_lib
[3.967s] running install_data
[3.973s] running install_egg_info
[3.991s] removing '/root/adr-class/install/midterm/lib/python3.8/site-packages/midterm-0.0.0-py3.8.egg-info' (and everything under it)
[3.995s] Copying ../build/midterm/midterm.egg-info to /root/adr-class/install/midterm/lib/python3.8/site-packages/midterm-0.0.0-py3.8.egg-info
[4.005s] running install_scripts
[4.298s] Installing midterm script to /root/adr-class/install/midterm/lib/midterm
[4.302s] writing list of installed files to '/root/adr-class/build/midterm/install.log'
[4.419s] Invoked command in '/root/adr-class/midterm' returned '0': PYTHONPATH=/root/adr-class/install/midterm/lib/python3.8/site-packages:${PYTHONPATH} /usr/bin/python3 setup.py egg_info --egg-base ../build/midterm build --build-base /root/adr-class/build/midterm/build install --prefix /root/adr-class/install/midterm --record /root/adr-class/build/midterm/install.log --single-version-externally-managed
