[1.170s] Invoking command in '/root/adr-class/midterm': PYTHONPATH=/root/adr-class/install/midterm/lib/python3.8/site-packages:${PYTHONPATH} /usr/bin/python3 setup.py egg_info --egg-base ../build/midterm build --build-base /root/adr-class/build/midterm/build install --prefix /root/adr-class/install/midterm --record /root/adr-class/build/midterm/install.log --single-version-externally-managed
[2.185s] running egg_info
[2.188s] writing ../build/midterm/midterm.egg-info/PKG-INFO
[2.190s] writing dependency_links to ../build/midterm/midterm.egg-info/dependency_links.txt
[2.191s] writing entry points to ../build/midterm/midterm.egg-info/entry_points.txt
[2.193s] writing requirements to ../build/midterm/midterm.egg-info/requires.txt
[2.194s] writing top-level names to ../build/midterm/midterm.egg-info/top_level.txt
[2.345s] reading manifest file '../build/midterm/midterm.egg-info/SOURCES.txt'
[2.349s] writing manifest file '../build/midterm/midterm.egg-info/SOURCES.txt'
[2.350s] running build
[2.350s] running build_py
[2.352s] copying midterm/midtermnode.py -> /root/adr-class/build/midterm/build/lib/midterm
[2.353s] running install
[2.360s] running install_lib
[2.361s] copying /root/adr-class/build/midterm/build/lib/midterm/midtermnode.py -> /root/adr-class/install/midterm/lib/python3.8/site-packages/midterm
[2.380s] byte-compiling /root/adr-class/install/midterm/lib/python3.8/site-packages/midterm/midtermnode.py to midtermnode.cpython-38.pyc
[2.381s] running install_data
[2.381s] running install_egg_info
[2.391s] removing '/root/adr-class/install/midterm/lib/python3.8/site-packages/midterm-0.0.0-py3.8.egg-info' (and everything under it)
[2.392s] Copying ../build/midterm/midterm.egg-info to /root/adr-class/install/midterm/lib/python3.8/site-packages/midterm-0.0.0-py3.8.egg-info
[2.396s] running install_scripts
[2.466s] Installing midterm script to /root/adr-class/install/midterm/lib/midterm
[2.469s] writing list of installed files to '/root/adr-class/build/midterm/install.log'
[2.560s] Invoked command in '/root/adr-class/midterm' returned '0': PYTHONPATH=/root/adr-class/install/midterm/lib/python3.8/site-packages:${PYTHONPATH} /usr/bin/python3 setup.py egg_info --egg-base ../build/midterm build --build-base /root/adr-class/build/midterm/build install --prefix /root/adr-class/install/midterm --record /root/adr-class/build/midterm/install.log --single-version-externally-managed
