[0.715s] DEBUG:colcon:Command line arguments: ['/usr/bin/colcon', 'build']
[0.716s] DEBUG:colcon:Parsed command line arguments: Namespace(ament_cmake_args=None, base_paths=['.'], build_base='build', catkin_cmake_args=None, catkin_skip_building_tests=False, cmake_args=None, cmake_clean_cache=False, cmake_clean_first=False, cmake_force_configure=False, cmake_target=None, cmake_target_skip_unavailable=False, continue_on_error=False, event_handlers=None, executor='parallel', ignore_user_meta=False, install_base='install', log_base=None, log_level=None, main=<bound method BuildVerb.main of <colcon_core.verb.build.BuildVerb object at 0x7f762ea7ea00>>, merge_install=False, metas=['./colcon.meta'], packages_above=None, packages_above_and_dependencies=None, packages_above_depth=None, packages_end=None, packages_ignore=None, packages_ignore_regex=None, packages_select=None, packages_select_build_failed=False, packages_select_by_dep=None, packages_select_regex=None, packages_select_test_failures=False, packages_skip=None, packages_skip_build_finished=False, packages_skip_by_dep=None, packages_skip_regex=None, packages_skip_test_passed=False, packages_skip_up_to=None, packages_start=None, packages_up_to=None, packages_up_to_regex=None, parallel_workers=2, paths=None, symlink_install=False, test_result_base=None, verb_extension=<colcon_core.verb.build.BuildVerb object at 0x7f762ea7ea00>, verb_name='build', verb_parser=<colcon_defaults.argument_parser.defaults.DefaultArgumentsDecorator object at 0x7f762ea7ef70>)
[0.740s] Level 1:colcon.colcon_core.package_discovery:discover_packages(colcon_meta) check parameters
[0.740s] Level 1:colcon.colcon_core.package_discovery:discover_packages(recursive) check parameters
[0.741s] Level 1:colcon.colcon_core.package_discovery:discover_packages(ignore) check parameters
[0.741s] Level 1:colcon.colcon_core.package_discovery:discover_packages(path) check parameters
[0.741s] Level 1:colcon.colcon_core.package_discovery:discover_packages(colcon_meta) discover
[0.741s] Level 1:colcon.colcon_core.package_discovery:discover_packages(recursive) discover
[0.741s] INFO:colcon.colcon_core.package_discovery:Crawling recursively for packages in '/root/adr-class'
[0.742s] Level 1:colcon.colcon_core.package_identification:_identify(.) by extensions ['ignore', 'ignore_ament_install']
[0.742s] Level 1:colcon.colcon_core.package_identification:_identify(.) by extension 'ignore'
[0.742s] Level 1:colcon.colcon_core.package_identification:_identify(.) by extension 'ignore_ament_install'
[0.743s] Level 1:colcon.colcon_core.package_identification:_identify(.) by extensions ['colcon_pkg']
[0.743s] Level 1:colcon.colcon_core.package_identification:_identify(.) by extension 'colcon_pkg'
[0.743s] Level 1:colcon.colcon_core.package_identification:_identify(.) by extensions ['colcon_meta']
[0.743s] Level 1:colcon.colcon_core.package_identification:_identify(.) by extension 'colcon_meta'
[0.743s] Level 1:colcon.colcon_core.package_identification:_identify(.) by extensions ['ros']
[0.743s] Level 1:colcon.colcon_core.package_identification:_identify(.) by extension 'ros'
[0.797s] Level 1:colcon.colcon_core.package_identification:_identify(.) by extensions ['cmake', 'python']
[0.797s] Level 1:colcon.colcon_core.package_identification:_identify(.) by extension 'cmake'
[0.797s] Level 1:colcon.colcon_core.package_identification:_identify(.) by extension 'python'
[0.797s] Level 1:colcon.colcon_core.package_identification:_identify(.) by extensions ['python_setup_py']
[0.797s] Level 1:colcon.colcon_core.package_identification:_identify(.) by extension 'python_setup_py'
[0.798s] Level 1:colcon.colcon_core.package_identification:_identify(build) by extensions ['ignore', 'ignore_ament_install']
[0.798s] Level 1:colcon.colcon_core.package_identification:_identify(build) by extension 'ignore'
[0.798s] Level 1:colcon.colcon_core.package_identification:_identify(build) ignored
[0.799s] Level 1:colcon.colcon_core.package_identification:_identify(install) by extensions ['ignore', 'ignore_ament_install']
[0.799s] Level 1:colcon.colcon_core.package_identification:_identify(install) by extension 'ignore'
[0.800s] Level 1:colcon.colcon_core.package_identification:_identify(install) ignored
[0.800s] Level 1:colcon.colcon_core.package_identification:_identify(log) by extensions ['ignore', 'ignore_ament_install']
[0.801s] Level 1:colcon.colcon_core.package_identification:_identify(log) by extension 'ignore'
[0.801s] Level 1:colcon.colcon_core.package_identification:_identify(log) ignored
[0.801s] Level 1:colcon.colcon_core.package_identification:_identify(midterm) by extensions ['ignore', 'ignore_ament_install']
[0.802s] Level 1:colcon.colcon_core.package_identification:_identify(midterm) by extension 'ignore'
[0.802s] Level 1:colcon.colcon_core.package_identification:_identify(midterm) by extension 'ignore_ament_install'
[0.802s] Level 1:colcon.colcon_core.package_identification:_identify(midterm) by extensions ['colcon_pkg']
[0.803s] Level 1:colcon.colcon_core.package_identification:_identify(midterm) by extension 'colcon_pkg'
[0.803s] Level 1:colcon.colcon_core.package_identification:_identify(midterm) by extensions ['colcon_meta']
[0.803s] Level 1:colcon.colcon_core.package_identification:_identify(midterm) by extension 'colcon_meta'
[0.803s] Level 1:colcon.colcon_core.package_identification:_identify(midterm) by extensions ['ros']
[0.803s] Level 1:colcon.colcon_core.package_identification:_identify(midterm) by extension 'ros'
[0.812s] DEBUG:colcon.colcon_core.package_identification:Package 'midterm' with type 'ros.ament_python' and name 'midterm'
[0.812s] Level 1:colcon.colcon_core.package_discovery:discover_packages(recursive) using defaults
[0.812s] Level 1:colcon.colcon_core.package_discovery:discover_packages(ignore) discover
[0.813s] Level 1:colcon.colcon_core.package_discovery:discover_packages(ignore) using defaults
[0.813s] Level 1:colcon.colcon_core.package_discovery:discover_packages(path) discover
[0.813s] Level 1:colcon.colcon_core.package_discovery:discover_packages(path) using defaults
[0.900s] Level 5:colcon.colcon_core.verb:set package 'midterm' build argument 'cmake_args' from command line to 'None'
[0.900s] Level 5:colcon.colcon_core.verb:set package 'midterm' build argument 'cmake_target' from command line to 'None'
[0.900s] Level 5:colcon.colcon_core.verb:set package 'midterm' build argument 'cmake_target_skip_unavailable' from command line to 'False'
[0.901s] Level 5:colcon.colcon_core.verb:set package 'midterm' build argument 'cmake_clean_cache' from command line to 'False'
[0.901s] Level 5:colcon.colcon_core.verb:set package 'midterm' build argument 'cmake_clean_first' from command line to 'False'
[0.901s] Level 5:colcon.colcon_core.verb:set package 'midterm' build argument 'cmake_force_configure' from command line to 'False'
[0.901s] Level 5:colcon.colcon_core.verb:set package 'midterm' build argument 'ament_cmake_args' from command line to 'None'
[0.901s] Level 5:colcon.colcon_core.verb:set package 'midterm' build argument 'catkin_cmake_args' from command line to 'None'
[0.901s] Level 5:colcon.colcon_core.verb:set package 'midterm' build argument 'catkin_skip_building_tests' from command line to 'False'
[0.901s] DEBUG:colcon.colcon_core.verb:Building package 'midterm' with the following arguments: {'ament_cmake_args': None, 'build_base': '/root/adr-class/build/midterm', 'catkin_cmake_args': None, 'catkin_skip_building_tests': False, 'cmake_args': None, 'cmake_clean_cache': False, 'cmake_clean_first': False, 'cmake_force_configure': False, 'cmake_target': None, 'cmake_target_skip_unavailable': False, 'install_base': '/root/adr-class/install/midterm', 'merge_install': False, 'path': '/root/adr-class/midterm', 'symlink_install': False, 'test_result_base': None}
[0.903s] INFO:colcon.colcon_core.executor:Executing jobs using 'parallel' executor
[0.913s] DEBUG:colcon.colcon_parallel_executor.executor.parallel:run_until_complete
[0.914s] INFO:colcon.colcon_ros.task.ament_python.build:Building ROS package in '/root/adr-class/midterm' with build type 'ament_python'
[0.915s] Level 1:colcon.colcon_core.shell:create_environment_hook('midterm', 'ament_prefix_path')
[0.930s] INFO:colcon.colcon_core.plugin_system:Skipping extension 'colcon_core.shell.bat': Not used on non-Windows systems
[0.931s] INFO:colcon.colcon_core.shell:Creating environment hook '/root/adr-class/install/midterm/share/midterm/hook/ament_prefix_path.ps1'
[0.933s] INFO:colcon.colcon_core.shell:Creating environment descriptor '/root/adr-class/install/midterm/share/midterm/hook/ament_prefix_path.dsv'
[0.935s] INFO:colcon.colcon_core.shell:Creating environment hook '/root/adr-class/install/midterm/share/midterm/hook/ament_prefix_path.sh'
[0.940s] INFO:colcon.colcon_core.shell:Skip shell extension 'powershell' for command environment: Not usable outside of PowerShell
[0.940s] DEBUG:colcon.colcon_core.shell:Skip shell extension 'dsv' for command environment
[0.958s] DEBUG:colcon.colcon_core.shell:Ignoring prefix path '/opt/ros/foxy'
[2.251s] INFO:colcon.colcon_core.task.python.build:Building Python package in '/root/adr-class/midterm'
[2.254s] INFO:colcon.colcon_core.shell:Skip shell extension 'powershell' for command environment: Not usable outside of PowerShell
[2.254s] DEBUG:colcon.colcon_core.shell:Skip shell extension 'dsv' for command environment
[2.277s] DEBUG:colcon.colcon_core.shell:Ignoring prefix path '/opt/ros/foxy'
[2.310s] DEBUG:colcon.colcon_core.event_handler.log_command:Invoking command in '/root/adr-class/midterm': PYTHONPATH=/root/adr-class/install/midterm/lib/python3.8/site-packages:${PYTHONPATH} /usr/bin/python3 setup.py egg_info --egg-base ../build/midterm build --build-base /root/adr-class/build/midterm/build install --prefix /root/adr-class/install/midterm --record /root/adr-class/build/midterm/install.log --single-version-externally-managed
[4.129s] DEBUG:colcon.colcon_core.event_handler.log_command:Invoked command in '/root/adr-class/midterm' returned '0': PYTHONPATH=/root/adr-class/install/midterm/lib/python3.8/site-packages:${PYTHONPATH} /usr/bin/python3 setup.py egg_info --egg-base ../build/midterm build --build-base /root/adr-class/build/midterm/build install --prefix /root/adr-class/install/midterm --record /root/adr-class/build/midterm/install.log --single-version-externally-managed
[4.135s] Level 1:colcon.colcon_core.environment:checking '/root/adr-class/install/midterm' for CMake module files
[4.137s] Level 1:colcon.colcon_core.environment:checking '/root/adr-class/install/midterm' for CMake config files
[4.141s] Level 1:colcon.colcon_core.environment:checking '/root/adr-class/install/midterm/lib'
[4.142s] Level 1:colcon.colcon_core.environment:checking '/root/adr-class/install/midterm/bin'
[4.142s] Level 1:colcon.colcon_core.environment:checking '/root/adr-class/install/midterm/lib/pkgconfig/midterm.pc'
[4.142s] Level 1:colcon.colcon_core.environment:checking '/root/adr-class/install/midterm/lib/python3.8/site-packages'
[4.143s] Level 1:colcon.colcon_core.shell:create_environment_hook('midterm', 'pythonpath')
[4.145s] INFO:colcon.colcon_core.shell:Creating environment hook '/root/adr-class/install/midterm/share/midterm/hook/pythonpath.ps1'
[4.147s] INFO:colcon.colcon_core.shell:Creating environment descriptor '/root/adr-class/install/midterm/share/midterm/hook/pythonpath.dsv'
[4.149s] INFO:colcon.colcon_core.shell:Creating environment hook '/root/adr-class/install/midterm/share/midterm/hook/pythonpath.sh'
[4.151s] Level 1:colcon.colcon_core.environment:create_environment_scripts_only(midterm)
[4.154s] INFO:colcon.colcon_core.shell:Creating package script '/root/adr-class/install/midterm/share/midterm/package.ps1'
[4.158s] INFO:colcon.colcon_core.shell:Creating package descriptor '/root/adr-class/install/midterm/share/midterm/package.dsv'
[4.161s] INFO:colcon.colcon_core.shell:Creating package script '/root/adr-class/install/midterm/share/midterm/package.sh'
[4.165s] INFO:colcon.colcon_core.shell:Creating package script '/root/adr-class/install/midterm/share/midterm/package.bash'
[4.168s] INFO:colcon.colcon_core.shell:Creating package script '/root/adr-class/install/midterm/share/midterm/package.zsh'
[4.170s] Level 1:colcon.colcon_core.environment:create_file_with_runtime_dependencies(/root/adr-class/install/midterm/share/colcon-core/packages/midterm)
[4.173s] DEBUG:colcon.colcon_parallel_executor.executor.parallel:closing loop
[4.174s] DEBUG:colcon.colcon_parallel_executor.executor.parallel:loop closed
[4.174s] DEBUG:colcon.colcon_parallel_executor.executor.parallel:run_until_complete finished with '0'
[4.174s] DEBUG:colcon.colcon_core.event_reactor:joining thread
[4.205s] INFO:colcon.colcon_core.plugin_system:Skipping extension 'colcon_notification.desktop_notification.terminal_notifier': Not used on non-Darwin systems
[4.206s] INFO:colcon.colcon_core.plugin_system:Skipping extension 'colcon_notification.desktop_notification.win32': Not used on non-Windows systems
[4.206s] INFO:colcon.colcon_notification.desktop_notification:Sending desktop notification using 'notify2'
[4.239s] DEBUG:colcon.colcon_notification.desktop_notification.notify2:Failed to initialize notify2: org.freedesktop.DBus.Error.ServiceUnknown: The name org.freedesktop.Notifications was not provided by any .service files
[4.240s] DEBUG:colcon.colcon_core.event_reactor:joined thread
[4.243s] INFO:colcon.colcon_core.shell:Creating prefix script '/root/adr-class/install/local_setup.ps1'
[4.247s] INFO:colcon.colcon_core.shell:Creating prefix util module '/root/adr-class/install/_local_setup_util_ps1.py'
[4.251s] INFO:colcon.colcon_core.shell:Creating prefix chain script '/root/adr-class/install/setup.ps1'
[4.263s] INFO:colcon.colcon_core.shell:Creating prefix script '/root/adr-class/install/local_setup.sh'
[4.265s] INFO:colcon.colcon_core.shell:Creating prefix util module '/root/adr-class/install/_local_setup_util_sh.py'
[4.270s] INFO:colcon.colcon_core.shell:Creating prefix chain script '/root/adr-class/install/setup.sh'
[4.292s] INFO:colcon.colcon_core.shell:Creating prefix script '/root/adr-class/install/local_setup.bash'
[4.295s] INFO:colcon.colcon_core.shell:Creating prefix chain script '/root/adr-class/install/setup.bash'
[4.323s] INFO:colcon.colcon_core.shell:Creating prefix script '/root/adr-class/install/local_setup.zsh'
[4.325s] INFO:colcon.colcon_core.shell:Creating prefix chain script '/root/adr-class/install/setup.zsh'
